<?xml version="1.0" encoding="UTF-8"?>
<!-- Generated by org.testng.reporters.JUnitReportReporter -->
<testsuite hostname="BHUVI" failures="0" tests="2" name="testngframework.ParallelExecutionClassA" time="0.006" errors="0" timestamp="04 Mar 2024 14:02:32 GMT" skipped="0">
  <testcase classname="testngframework.ParallelExecutionClassA" name="tc04" time="0.000"/>
  <testcase classname="testngframework.ParallelExecutionClassA" name="tc03" time="0.006"/>
</testsuite> <!-- testngframework.ParallelExecutionClassA -->
