<?xml version="1.0" encoding="UTF-8"?>
<!-- Generated by org.testng.reporters.JUnitReportReporter -->
<testsuite hostname="Guru" failures="0" tests="1" name="testngframework.UseParameters" time="14.563" errors="0" timestamp="01 Mar 2024 09:12:50 GMT" skipped="0">
  <testcase classname="testngframework.UseParameters" name="tc1" time="14.563"/>
</testsuite> <!-- testngframework.UseParameters -->
