<?xml version="1.0" encoding="UTF-8"?>
<!-- Generated by org.testng.reporters.JUnitReportReporter -->
<testsuite hostname="Guru" failures="0" tests="2" name="testngframework.UseDataProvider" time="36.560" errors="0" timestamp="29 Feb 2024 08:39:27 GMT" skipped="0">
  <testcase classname="testngframework.UseDataProvider" name="tc1" time="16.021"/>
  <testcase classname="testngframework.UseDataProvider" name="tc1" time="20.539"/>
</testsuite> <!-- testngframework.UseDataProvider -->
