<?xml version="1.0" encoding="UTF-8"?>
<!-- Generated by org.testng.reporters.JUnitReportReporter -->
<testsuite hostname="BHUVI" failures="0" tests="5" name="testngframework.ParallelExecutionMethod" time="0.034" errors="0" timestamp="06 Mar 2024 10:04:23 GMT" skipped="0">
  <testcase classname="testngframework.ParallelExecutionMethod" name="tc02" time="0.011"/>
  <testcase classname="testngframework.ParallelExecutionMethod" name="tc01" time="0.006"/>
  <testcase classname="testngframework.ParallelExecutionMethod" name="tc03" time="0.011"/>
  <testcase classname="testngframework.ParallelExecutionMethod" name="tc05" time="0.001"/>
  <testcase classname="testngframework.ParallelExecutionMethod" name="tc04" time="0.005"/>
</testsuite> <!-- testngframework.ParallelExecutionMethod -->
