<?xml version="1.0" encoding="UTF-8"?>
<!-- Generated by org.testng.reporters.JUnitReportReporter -->
<testsuite hostname="BHUVI" failures="0" tests="2" name="testngframework.ParallelExecutionClassB" time="0.007" errors="0" timestamp="04 Mar 2024 14:02:32 GMT" skipped="0">
  <testcase classname="testngframework.ParallelExecutionClassB" name="tc02" time="0.001"/>
  <testcase classname="testngframework.ParallelExecutionClassB" name="tc01" time="0.006"/>
</testsuite> <!-- testngframework.ParallelExecutionClassB -->
