<?xml version="1.0" encoding="UTF-8"?>
<!-- Generated by org.testng.reporters.JUnitReportReporter -->
<testsuite hostname="Guru" failures="0" tests="1" name="testngframework.Testng3" time="0.014" errors="0" timestamp="29 Feb 2024 09:31:28 GMT" skipped="0">
  <testcase classname="testngframework.Testng3" name="tc01" time="0.014"/>
</testsuite> <!-- testngframework.Testng3 -->
