<?xml version="1.0" encoding="UTF-8"?>
<!-- Generated by org.testng.reporters.JUnitReportReporter -->
<testsuite hostname="BHUVI" failures="0" tests="2" name="testngframework.TestNgGroups" time="0.015" errors="0" timestamp="04 Mar 2024 10:07:47 GMT" skipped="0">
  <testcase classname="testngframework.TestNgGroups" name="tc5" time="0.015"/>
  <testcase classname="testngframework.TestNgGroups" name="tc6" time="0.000"/>
</testsuite> <!-- testngframework.TestNgGroups -->
