<?xml version="1.0" encoding="UTF-8"?>
<!-- Generated by org.testng.reporters.JUnitReportReporter -->
<testsuite hostname="Guru" failures="0" tests="7" name="testngframework.TestNg1" time="0.033" errors="0" timestamp="28 Feb 2024 09:22:50 GMT" skipped="1">
  <testcase classname="testngframework.TestNg1" name="tc2" time="0.017"/>
  <testcase classname="testngframework.TestNg1" name="tc6" time="0.003"/>
  <testcase classname="testngframework.TestNg1" name="tc7" time="0.008"/>
  <testcase classname="testngframework.TestNg1" name="tc5" time="0.001"/>
  <testcase classname="testngframework.TestNg1" name="tc4" time="0.002"/>
  <testcase classname="testngframework.TestNg1" name="tc1" time="0.002"/>
  <testcase classname="testngframework.TestNg1" name="tc3">
    <skipped/>
  </testcase> <!-- tc3 -->
</testsuite> <!-- testngframework.TestNg1 -->
