<?xml version="1.0" encoding="UTF-8"?>
<!-- Generated by org.testng.reporters.JUnitReportReporter -->
<testsuite hostname="Guru" failures="0" tests="1" name="testngframework.Testng2" time="0.035" errors="0" timestamp="28 Feb 2024 09:08:12 GMT" skipped="0">
  <testcase classname="testngframework.Testng2" name="tc01" time="0.035"/>
</testsuite> <!-- testngframework.Testng2 -->
