<?xml version="1.0" encoding="UTF-8"?>
<!-- Generated by org.testng.reporters.JUnitReportReporter -->
<testsuite hostname="Guru" failures="0" tests="1" name="testngframework.TestNgNormalPrgm" time="0.009" errors="0" timestamp="28 Feb 2024 09:10:13 GMT" skipped="0">
  <testcase classname="testngframework.TestNgNormalPrgm" name="tc4" time="0.009"/>
</testsuite> <!-- testngframework.TestNgNormalPrgm -->
